Content-Type: text/plain; charset="utf-8"
MIME-Version: 1.0
Content-Transfer-Encoding: 8bit
Subject: 
 =?utf-8?b?0KHQsdGA0L7RgSDQv9Cw0YDQvtC70Y8g0L3QsCAxMjcuMC4wLjE6ODAwMA==?=
From: webmaster@localhost
To: igoshevs@gmail.com
Date: Sat, 08 Oct 2022 10:56:55 -0000
Message-ID: <166522661596.14764.4628512896701488808@admins-mbp-1450.fritz.box>


Вы получили это письмо, потому что вы (или кто-то другой) запросили восстановление пароля от учётной записи на сайте 127.0.0.1:8000, которая связана с этим адресом электронной почты.

Пожалуйста, перейдите на эту страницу и введите новый пароль:

http://127.0.0.1:8000/auth/reset/NQ/bcz2ev-43ff2489edd8638fef4cad88e8e30498/

Ваше имя пользователя (на случай, если вы его забыли): igoshev1988

Спасибо, что используете наш сайт!

Команда сайта 127.0.0.1:8000



-------------------------------------------------------------------------------
Content-Type: text/plain; charset="utf-8"
MIME-Version: 1.0
Content-Transfer-Encoding: 8bit
Subject: 
 =?utf-8?b?0KHQsdGA0L7RgSDQv9Cw0YDQvtC70Y8g0L3QsCAxMjcuMC4wLjE6ODAwMA==?=
From: webmaster@localhost
To: igoshevs@gmail.com
Date: Sat, 08 Oct 2022 10:56:55 -0000
Message-ID: <166522661599.14764.32625181164860811@admins-mbp-1450.fritz.box>


Вы получили это письмо, потому что вы (или кто-то другой) запросили восстановление пароля от учётной записи на сайте 127.0.0.1:8000, которая связана с этим адресом электронной почты.

Пожалуйста, перейдите на эту страницу и введите новый пароль:

http://127.0.0.1:8000/auth/reset/Ng/bcz2ev-ff238dfd20c0377b307cb92a3d84c820/

Ваше имя пользователя (на случай, если вы его забыли): asd123

Спасибо, что используете наш сайт!

Команда сайта 127.0.0.1:8000



-------------------------------------------------------------------------------
